<?xml version="1.0" encoding="UTF-8"?>
<!-- Generated by org.testng.reporters.JUnitReportReporter -->
<testsuite hostname="MAVBCP2226" failures="0" tests="5" name="com.testng.annotation.BeforeMethodAnnotations" time="0.034" errors="0" timestamp="2021-12-03T21:31:40 IST" skipped="0">
  <testcase classname="com.testng.annotation.BeforeMethodAnnotations" name="FirstTestCase" time="0.015"/>
  <system-out/>
  <testcase classname="com.testng.annotation.BeforeMethodAnnotations" name="SecondTestCase" time="0.006"/>
  <system-out/>
  <testcase classname="com.testng.annotation.BeforeMethodAnnotations" name="ThirdTestCase" time="0.003"/>
  <system-out/>
  <testcase classname="com.testng.annotation.BeforeMethodAnnotations" name="FourthTestCase" time="0.004"/>
  <system-out/>
  <testcase classname="com.testng.annotation.BeforeMethodAnnotations" name="FifthTestCase" time="0.006"/>
  <system-out/>
</testsuite> <!-- com.testng.annotation.BeforeMethodAnnotations -->
